<?xml version="1.0" encoding="UTF-8" ?>
<testsuite tests="3" failures="1" name="TestSuite" time="7.819" errors="0" skipped="2">
  <properties>
[...]
</properties>
  <testcase classname="com.mystore.testcases.LoginPageTest" name="setup" time="7.819">
    <failure message="Cannot invoke &quot;java.util.Properties.getProperty(String)&quot; because &quot;com.mystore.base.Baseclass.prop&quot; is null" type="java.lang.NullPointerException">java.lang.NullPointerException: Cannot invoke &quot;java.util.Properties.getProperty(String)&quot; because &quot;com.mystore.base.Baseclass.prop&quot; is null
	at com.mystore.base.Baseclass.launchApp(Baseclass.java:25)
	at com.mystore.testcases.LoginPageTest.setup(LoginPageTest.java:23)
</failure>
    <system-out>Configuring TestNG with: org.apache.maven.surefire.testng.conf.TestNG652Configurator@2752f6e2
</system-out>
    <system-err>SLF4J: Failed to load class &quot;org.slf4j.impl.StaticLoggerBinder&quot;.
SLF4J: Defaulting to no-operation (NOP) logger implementation
SLF4J: See http://www.slf4j.org/codes.html#StaticLoggerBinder for further details.
</system-err>
  </testcase>
  <testcase classname="com.mystore.testcases.LoginPageTest" name="loginTest" time="0">
    <skipped/>
  </testcase>
  <testcase classname="com.mystore.testcases.LoginPageTest" name="tearDown" time="0">
    <skipped/>
  </testcase>
</testsuite>